|SourceProjectName:SecureSpan Manager Help System.hpr
|DestinationProjectName:SecureSpan_Manager_Help_System.hs
Add_Edit_Certificates.htm
Add_Edit_Federated_Identity_Providers.htm
Add_Edit_FIP_Users_and_Groups.htm
Add_Edit_IIP_Users_and_Groups.htm
Add_Edit_LDAP_Identity_Providers.htm
Certificates_Overview.htm
Change_WSS_Assertion_Recipient.htm
Configure_Edit_Access_Control_Assertions.htm
Configure_Edit_Logging,_Auditing,_and_Alerts_Assertions.htm
Configure_Edit_Message_Routing_Assertions.htm
Configure_Edit_Message_Validation_Transformation_Assertions.htm
Configure_Edit_Policies.htm
Configure_Edit_Service_Availability_Assertions.htm
Configure_Edit_TLS_Assertions.htm
Configure_Edit_XML_Security_Assertions.htm
Configure_SAML_Policies.htm
Configure_SecureSpan_Gateway_Accounts.htm
Configure_SecureSpan_Manager_Preferences.htm
Connect_to_the_SecureSpan_Gateway.htm
Consume_Shared_Web_Service.htm
Federated_Identity_Provider_Overview.htm
Identity_Bridging_Overview.htm
Identity_Bridging_Requirements.htm
Identity_Bridging_Workflow.htm
Identity_Bridging_Workflow_Using_an_X.509_Certificate.htm
Identity_Providers_Overview.htm
Import_Export_Policies.htm
JMS_Message_Routing_Assertion.htm
Manage_Published_Services.htm
Manage_SOAP_Web_Services.htm
Manage_XML_Applications.htm
Optional_Add-On_Assertion_Overview.htm
Policies_Overview.htm
Policy_Assertions_Overview.htm
Policy_Logic_Assertions.htm
Policy_Organization_and_Rules.htm
Search_Identity_Providers.htm
SecureSpan_Bridge_Overview.htm
SecureSpan_Gateway_Analysis_Overview.htm
SecureSpan_Manager_Documentation.htm
SecureSpan_Manager_Interfaces.htm
SecureSpan_Manager_Operator_Documentation.htm
SecureSpan_Manager_Overview.htm
SecureSpan_Manager_Troubleshooting_Mode.htm
SecureSpan_Manager_Workflow.htm
SecureSpan_Overview.htm
Services_Overview.htm
SiteMinder_Authentication_Assertion.htm
TAM_Authentication_Assertion.htm
Technical_Support_and_Contact_Information.htm
Using_the_Symantec_Anti-Virus_Assertion.htm
Version_and_Legalities.htm
View_Gateway_Audit_Events.htm
View_Gateway_Cluster_Status.htm
Welcome.htm
eHelp.xml
RoboHHRE.lng
SecureSpan.css
UserProp.gif
TimeDayProp.gif
StatusQuestion.gif
StatusUp.gif
red_right.jpg
CollapseNode.gif
services16.gif
SearchIdentityProvider.gif
CreateGroup.gif
TOC_Icon.gif
ExpandNode.gif
1.gif
LevelSS.gif
2.gif
SecureSpan_Diagram.gif
CreateWSDL.gif
3.gif
4.gif
MoveAssertionDownButton.gif
services16.png
InterfaceLabelled1.gif
5.gif
InterfaceLabelled2.gif
Search_Icon.gif
6.gif
7.gif
NOTEsmall.gif
SignReqElem.gif
Identity_Providers2.gif
NextIcon.gif
PreviousIcon.gif
8.gif
X509CredDiagram.gif
SAMLCredDiagram.gif
Identity_Providers3.gif
Colour_Logo.jpg
CreateWSDL2.gif
PrintIcon.gif
PageSetupIcon.gif
TIPSfinal.gif
MoveAssertionUpButton.gif
xmlObject16.gif
Identity_Providers.gif
CreateWSDL3.gif
EvalReqXpath.gif
CreateWSDL4.gif
DeleteAssertionButton.gif
StatusDown.gif
SecPoliExcerpt.gif
CreateWSDL5.gif
CreateUser.gif
Index_Icon.gif
RemoteIPRange.gif
AddUsersGroup.gif
Warning.gif
red_left.jpg
MoveAssertionOver.gif
AddUserstoGroup.gif
NOTEfinal.gif
ehlpdhtm.js
bsscnav4.gif
bsscnav5.gif
bsscnav6.gif
bsscnav7.gif
bsscnav8.gif
bsscjhrs.jar
SecureSpan_Manager_Help_System_toc.xml
SecureSpan_Manager_Help_System_ndx.xml
SecureSpan_Manager_Help_System_map.xml
SecureSpan_Manager_Help_System.hs
