|SourceProjectName:Secure Span Gateway Console Help.hpr
|DestinationProjectName:secure_span_gateway_console_help.hs
client_proxy\client_proxy_overview.htm
client_proxy\client_user_interface.htm
client_proxy\licensing_clients.htm
client_proxy\managing_clients.htm
gateway_management\gateway_controls.htm
logs_and_audits\logs_and_audits_overview.htm
logs_and_audits\performing_audits.htm
logs_and_audits\reviewing_logs.htm
overview\audience.htm
overview\contact_information.htm
overview\product_architecture_model.htm
overview\product_overview.htm
publish_services\creating_policies.htm
publish_services\examples.htm
publish_services\identity_view.htm
publish_services\publish_services_overview.htm
publish_services\publishing_services.htm
publish_services\validating_policies.htm
security_policy\examples.htm
security_policy\key_concepts.htm
security_policy\product_design_logic.htm
setup\connecting_and_disconnecting.htm
setup\creating_users_and_groups.htm
setup\identity_providers.htm
setup\importing_certificates.htm
setup\overview.htm
setup\policy_templates.htm
troubleshooting\troubleshooting.htm
user_interface\default_settings.htm
user_interface\menus.htm
user_interface\preferences.htm
user_interface\screen_sections.htm
welcome.htm
console.css
ehlpdhtm.js
bsscnav4.gif
bsscnav5.gif
bsscnav6.gif
bsscnav7.gif
bsscnav8.gif
bsscjhrs.jar
secure_span_gateway_console_help_toc.xml
secure_span_gateway_console_help_ndx.xml
secure_span_gateway_console_help_map.xml
secure_span_gateway_console_help.hs
